
obj/kern/kernel:     file format elf32-i386

Contents of .stab section:

Symnum n_type n_othr n_desc n_value  n_strx String

-1     HdrSym 0      1207   00001535 1     
0      SO     0      0      f0100000 1      {standard input}
1      SOL    0      0      f010000c 18     kern/entry.S
2      SLINE  0      44     f010000c 0      
3      SLINE  0      57     f0100015 0      
4      SLINE  0      58     f010001a 0      
5      SLINE  0      60     f010001d 0      
6      SLINE  0      61     f0100020 0      
7      SLINE  0      62     f0100025 0      
8      SLINE  0      67     f0100028 0      
9      SLINE  0      68     f010002d 0      
10     SLINE  0      74     f010002f 0      
11     SLINE  0      77     f0100034 0      
12     SLINE  0      80     f0100039 0      
13     SLINE  0      83     f010003e 0      
14     SO     0      2      f0100040 31     kern/entrypgdir.c
15     OPT    0      0      00000000 49     gcc2_compiled.
16     GSYM   0      0      00000000 64     entry_pgdir:G(0,1)=ar(0,2)=r(0,2);0;4294967295;;0;1023;(0,3)=(0,4)=(0,5)=r(0,5);0;4294967295;
17     LSYM   0      0      00000000 158    pde_t:t(0,3)
18     LSYM   0      0      00000000 171    uint32_t:t(0,4)
19     LSYM   0      0      00000000 187    unsigned int:t(0,5)
20     GSYM   0      0      00000000 207    entry_pgtable:G(0,6)=ar(0,2);0;1023;(0,7)=(0,4)
21     LSYM   0      0      00000000 255    pte_t:t(0,7)
22     SO     0      0      f0100040 0      
23     SO     0      2      f0100040 268    kern/init.c
24     OPT    0      0      00000000 49     gcc2_compiled.
25     FUN    0      0      f0100040 280    test_backtrace:F(0,1)=(0,1)
26     LSYM   0      0      00000000 308    void:t(0,1)
27     PSYM   0      0      00000008 320    x:p(0,2)=r(0,2);-2147483648;2147483647;
28     LSYM   0      0      00000000 360    int:t(0,2)
29     SLINE  0      14     00000000 0      
30     SLINE  0      15     00000013 0      
31     SLINE  0      16     00000023 0      
32     SLINE  0      17     0000002a 0      
33     SLINE  0      20     00000039 0      
34     SLINE  0      21     00000049 0      
35     SLINE  0      19     00000053 0      
36     RSYM   0      0      00000006 371    x:r(0,2)
37     FUN    0      0      f01000a6 380    i386_init:F(0,1)
38     SLINE  0      25     00000000 0      
39     SLINE  0      31     00000012 0      
40     SLINE  0      31     00000020 0      
41     SLINE  0      35     00000029 0      
42     SLINE  0      37     0000002e 0      
43     SLINE  0      56     00000042 0      
44     SLINE  0      60     00000051 0      
45     FUN    0      0      f0100106 397    _panic:F(0,1)
46     PSYM   0      0      00000008 411    file:p(0,3)=*(0,4)=r(0,4);0;127;
47     PSYM   0      0      0000000c 444    line:p(0,2)
48     PSYM   0      0      00000010 456    fmt:p(0,3)
49     LSYM   0      0      00000000 467    char:t(0,4)
50     SLINE  0      76     00000000 0      
51     SLINE  0      79     00000010 0      
52     SLINE  0      95     00000019 0      
53     SLINE  0      81     00000028 0      
54     SLINE  0      84     00000031 0      
55     SLINE  0      86     00000033 0      
56     SLINE  0      87     00000036 0      
57     SLINE  0      88     0000004b 0      
58     SLINE  0      89     00000057 0      
59     FUN    0      0      f0100170 479    _warn:F(0,1)
60     PSYM   0      0      00000008 492    file:p(0,3)
61     PSYM   0      0      0000000c 444    line:p(0,2)
62     PSYM   0      0      00000010 456    fmt:p(0,3)
63     SLINE  0      101    00000000 0      
64     SLINE  0      104    00000010 0      
65     SLINE  0      105    00000013 0      
66     SLINE  0      106    00000028 0      
67     SLINE  0      107    00000034 0      
68     SLINE  0      109    00000042 0      
69     GSYM   0      0      00000000 504    panicstr:G(0,3)
70     SO     0      0      f01001bc 0      
71     SO     0      2      f01001c0 520    kern/console.c
72     OPT    0      0      00000000 49     gcc2_compiled.
73     FUN    0      0      f01001c0 535    serial_proc_data:f(0,1)=r(0,1);-2147483648;2147483647;
74     LSYM   0      0      00000000 590    int:t(0,1)
75     SLINE  0      52     00000000 0      
76     SOL    0      0      f01001c0 601    ./inc/x86.h
77     SLINE  0      16     00000000 0      
78     SOL    0      0      f01001c6 520    kern/console.c
79     SLINE  0      53     00000006 0      
80     SOL    0      0      f01001ca 601    ./inc/x86.h
81     SLINE  0      16     0000000a 0      
82     SOL    0      0      f01001d0 520    kern/console.c
83     SLINE  0      55     00000010 0      
84     SLINE  0      54     00000014 0      
85     SLINE  0      56     00000019 0      
86     LSYM   0      0      00000000 613    uint8_t:t(0,2)=(0,3)=r(0,3);0;255;
87     LSYM   0      0      00000000 648    unsigned char:t(0,3)
88     FUN    0      0      f01001da 669    cons_intr:f(0,4)=(0,4)
89     LSYM   0      0      00000000 692    void:t(0,4)
90     RSYM   0      0      00000007 704    proc:P(0,5)=*(0,6)=f(0,1)
91     SLINE  0      397    00000000 0      
92     SLINE  0      403    00000016 0      
93     SLINE  0      403    0000001c 0      
94     SLINE  0      400    00000025 0      
95     SLINE  0      403    00000027 0      
96     SLINE  0      403    0000002e 0      
97     SLINE  0      403    00000031 0      
98     SLINE  0      404    00000037 0      
99     SLINE  0      405    0000003d 0      
100    SLINE  0      400    0000004c 0      
101    SLINE  0      400    00000051 0      
102    SLINE  0      401    00000056 0      
103    SLINE  0      407    0000005c 0      
104    RSYM   0      0      00000000 730    c:r(0,1)
105    LBRAC  0      0      00000000 0      
106    RBRAC  0      0      00000064 0      
107    FUN    0      0      f010023e 739    kbd_proc_data:f(0,1)
108    SLINE  0      317    00000000 0      
109    SOL    0      0      f010024e 601    ./inc/x86.h
110    SLINE  0      16     00000010 0      
111    SOL    0      0      f0100254 520    kern/console.c
112    SLINE  0      323    00000016 0      
113    SLINE  0      326    0000001e 0      
114    SOL    0      0      f0100264 601    ./inc/x86.h
115    SLINE  0      16     00000026 0      
116    SOL    0      0      f010026c 520    kern/console.c
117    SLINE  0      331    0000002e 0      
118    SLINE  0      335    00000032 0      
119    SLINE  0      340    00000036 0      
120    SLINE  0      340    0000003c 0      
121    SLINE  0      342    00000041 0      
122    SLINE  0      343    00000046 0      
123    SLINE  0      346    0000004f 0      
124    SLINE  0      346    0000005a 0      
125    SLINE  0      347    00000060 0      
126    SLINE  0      347    00000068 0      
127    SLINE  0      349    00000070 0      
128    SLINE  0      349    00000075 0      
129    SLINE  0      349    00000080 0      
130    SLINE  0      350    00000083 0      
131    SLINE  0      351    00000087 0      
132    SLINE  0      351    0000008c 0      
133    SLINE  0      352    00000091 0      
134    SLINE  0      333    00000096 0      
135    SLINE  0      334    0000009d 0      
136    SLINE  0      365    000000a2 0      
137    SLINE  0      337    000000ab 0      
138    SLINE  0      337    000000b1 0      
139    SLINE  0      338    000000ba 0      
140    SLINE  0      338    000000bd 0      
141    SLINE  0      338    000000cb 0      
142    SLINE  0      338    000000cd 0      
143    SLINE  0      339    000000d5 0      
144    SLINE  0      353    000000dc 0      
145    SLINE  0      354    000000df 0      
146    SLINE  0      359    000000e8 0      
147    SLINE  0      359    000000ea 0      
148    SLINE  0      360    000000f6 0      
149    SOL    0      0      f0100343 601    ./inc/x86.h
150    SLINE  0      66     00000105 0      
151    SLINE  0      67     00000110 0      
152    SOL    0      0      f0100353 520    kern/console.c
153    SLINE  0      324    00000115 0      
154    SLINE  0      327    0000011c 0      
155    RSYM   0      0      00000006 730    c:r(0,1)
156    RSYM   0      0      00000002 760    data:r(0,2)
157    LCSYM  0      0      f0112080 772    shift:V(0,7)=(0,8)=r(0,8);0;4294967295;
158    LSYM   0      0      00000000 812    uint32_t:t(0,7)
159    LSYM   0      0      00000000 828    unsigned int:t(0,8)
160    LBRAC  0      0      00000000 0      
161    RSYM   0      0      00000002 760    data:r(0,2)
162    LBRAC  0      0      00000026 0      
163    RBRAC  0      0      0000002e 0      
164    RBRAC  0      0      00000126 0      
165    FUN    0      0      f0100364 848    cons_putc:f(0,4)
166    RSYM   0      0      00000000 865    c:P(0,1)
167    SLINE  0      434    00000000 0      
168    SLINE  0      70     00000017 0      
169    SOL    0      0      f0100380 601    ./inc/x86.h
170    SLINE  0      16     0000001c 0      
171    SOL    0      0      f010038d 520    kern/console.c
172    SLINE  0      71     00000029 0      
173    SOL    0      0      f0100399 601    ./inc/x86.h
174    SLINE  0      16     00000035 0      
175    SOL    0      0      f010039f 520    kern/console.c
176    SLINE  0      72     0000003b 0      
177    SLINE  0      75     00000040 0      
178    SOL    0      0      f01003ac 601    ./inc/x86.h
179    SLINE  0      66     00000048 0      
180    SOL    0      0      f01003b2 520    kern/console.c
181    SLINE  0      116    0000004e 0      
182    SOL    0      0      f01003b7 601    ./inc/x86.h
183    SLINE  0      16     00000053 0      
184    SOL    0      0      f01003c4 520    kern/console.c
185    SLINE  0      116    00000060 0      
186    SOL    0      0      f01003d0 601    ./inc/x86.h
187    SLINE  0      16     0000006c 0      
188    SOL    0      0      f01003d6 520    kern/console.c
189    SLINE  0      116    00000072 0      
190    SOL    0      0      f01003db 601    ./inc/x86.h
191    SLINE  0      66     00000077 0      
192    SOL    0      0      f01003f6 520    kern/console.c
193    SLINE  0      167    00000092 0      
194    SLINE  0      169    000000a8 0      
195    SLINE  0      169    000000ab 0      
196    SLINE  0      183    000000cd 0      
197    SLINE  0      184    000000d7 0      
198    SLINE  0      185    000000e1 0      
199    SLINE  0      186    000000eb 0      
200    SLINE  0      187    000000f5 0      
201    SLINE  0      188    000000ff 0      
202    SLINE  0      169    00000101 0      
203    SLINE  0      180    0000010a 0      
204    SLINE  0      195    00000127 0      
205    SLINE  0      205    00000136 0      
206    SOL    0      0      f01004a0 601    ./inc/x86.h
207    SLINE  0      66     0000013c 0      
208    SOL    0      0      f01004a8 520    kern/console.c
209    SLINE  0      206    00000144 0      
210    SLINE  0      206    0000014b 0      
211    SLINE  0      206    0000014e 0      
212    SOL    0      0      f01004b8 601    ./inc/x86.h
213    SLINE  0      66     00000154 0      
214    SOL    0      0      f01004c8 520    kern/console.c
215    SLINE  0      438    00000164 0      
216    SLINE  0      171    0000016c 0      
217    SLINE  0      171    00000173 0      
218    SLINE  0      172    00000178 0      
219    SLINE  0      173    00000182 0      
220    SLINE  0      173    00000185 0      
221    SLINE  0      173    0000018b 0      
222    SLINE  0      177    0000019a 0      
223    SLINE  0      190    000001a7 0      
224    SLINE  0      190    000001bb 0      
225    SLINE  0      191    000001c9 0      
226    SLINE  0      198    000001ce 0      
227    SLINE  0      198    000001dc 0      
228    SLINE  0      198    000001e2 0      
229    SLINE  0      200    000001e9 0      
230    SLINE  0      200    000001fe 0      
231    SLINE  0      199    00000203 0      
232    SLINE  0      201    0000020a 0      
233    RSYM   0      0      00000006 874    i:r(0,1)
234    LBRAC  0      0      00000017 0      
235    RBRAC  0      0      0000004e 0      
236    RSYM   0      0      00000006 874    i:r(0,1)
237    LBRAC  0      0      0000004e 0      
238    RBRAC  0      0      00000092 0      
239    FUN    0      0      f010057b 883    serial_intr:F(0,4)
240    SLINE  0      60     00000000 0      
241    SLINE  0      61     0000000a 0      
242    SLINE  0      60     00000014 0      
243    SLINE  0      62     0000001a 0      
244    SLINE  0      63     00000025 0      
245    FUN    0      0      f01005a2 902    kbd_intr:F(0,4)
246    SLINE  0      369    00000000 0      
247    SLINE  0      370    00000010 0      
248    SLINE  0      371    0000001b 0      
249    FUN    0      0      f01005bf 918    cons_getc:F(0,1)
250    SLINE  0      412    00000000 0      
251    SLINE  0      418    00000012 0      
252    SLINE  0      419    00000017 0      
253    SLINE  0      422    0000001c 0      
254    SLINE  0      428    00000022 0      
255    SLINE  0      422    00000027 0      
256    SLINE  0      423    0000002f 0      
257    SLINE  0      423    00000032 0      
258    SLINE  0      425    0000003a 0      
259    SLINE  0      429    0000004d 0      
260    RSYM   0      0      00000002 730    c:r(0,1)
261    LBRAC  0      0      00000000 0      
262    RBRAC  0      0      00000054 0      
263    FUN    0      0      f0100613 935    cons_init:F(0,4)
264    SLINE  0      443    00000000 0      
265    SLINE  0      140    00000014 0      
266    SLINE  0      141    0000001b 0      
267    SLINE  0      142    00000024 0      
268    SLINE  0      142    0000002b 0      
269    SLINE  0      144    00000035 0      
270    SLINE  0      143    0000003f 0      
271    SLINE  0      151    00000044 0      
272    SOL    0      0      f010065d 601    ./inc/x86.h
273    SLINE  0      66     0000004a 0      
274    SOL    0      0      f0100665 520    kern/console.c
275    SLINE  0      152    00000052 0      
276    SOL    0      0      f0100668 601    ./inc/x86.h
277    SLINE  0      16     00000055 0      
278    SOL    0      0      f010066b 520    kern/console.c
279    SLINE  0      152    00000058 0      
280    SLINE  0      152    0000005b 0      
281    SOL    0      0      f0100674 601    ./inc/x86.h
282    SLINE  0      66     00000061 0      
283    SLINE  0      16     00000069 0      
284    SOL    0      0      f010067f 520    kern/console.c
285    SLINE  0      156    0000006c 0      
286    SLINE  0      154    00000072 0      
287    SLINE  0      154    00000075 0      
288    SLINE  0      157    00000078 0      
289    SOL    0      0      f0100692 601    ./inc/x86.h
290    SLINE  0      66     0000007f 0      
291    SLINE  0      16     000000c6 0      
292    SOL    0      0      f01006e1 520    kern/console.c
293    SLINE  0      99     000000ce 0      
294    SLINE  0      99     000000d0 0      
295    SOL    0      0      f01006ea 601    ./inc/x86.h
296    SLINE  0      16     000000d7 0      
297    SOL    0      0      f01006f6 520    kern/console.c
298    SLINE  0      448    000000e3 0      
299    SLINE  0      450    000000e8 0      
300    SLINE  0      146    000000f0 0      
301    SLINE  0      147    000000f7 0      
302    SLINE  0      139    00000101 0      
303    SLINE  0      449    0000010b 0      
304    SLINE  0      450    0000011d 0      
305    RSYM   0      0      00000007 952    cp:r(0,9)=*(0,10)=(0,11)=r(0,11);0;65535;
306    LSYM   0      0      00000000 994    uint16_t:t(0,10)
307    LSYM   0      0      00000000 1011   short unsigned int:t(0,11)
308    RSYM   0      0      00000002 1038   was:r(0,10)
309    LBRAC  0      0      00000014 0      
310    RBRAC  0      0      0000007f 0      
311    RSYM   0      0      00000007 1050   cp:r(0,9)
312    RSYM   0      0      00000002 1038   was:r(0,10)
313    LBRAC  0      0      000000f0 0      
314    RBRAC  0      0      0000010b 0      
315    FUN    0      0      f0100732 1060   cputchar:F(0,4)
316    PSYM   0      0      00000008 1076   c:p(0,1)
317    SLINE  0      457    00000000 0      
318    SLINE  0      458    00000006 0      
319    SLINE  0      459    0000000e 0      
320    FUN    0      0      f0100742 1085   getchar:F(0,1)
321    SLINE  0      463    00000000 0      
322    SLINE  0      466    00000006 0      
323    SLINE  0      466    0000000b 0      
324    SLINE  0      469    0000000f 0      
325    RSYM   0      0      00000000 730    c:r(0,1)
326    LBRAC  0      0      00000000 0      
327    RBRAC  0      0      00000011 0      
328    FUN    0      0      f0100753 1100   iscons:F(0,1)
329    PSYM   0      0      00000008 1114   fdnum:p(0,1)
330    SLINE  0      473    00000000 0      
331    SLINE  0      476    00000000 0      
332    LCSYM  0      0      f0112080 1127   shift:V(0,7)
333    LCSYM  0      0      f01120a0 1140   cons:S(0,12)=s520buf:(0,13)=ar(0,14)=r(0,14);0;4294967295;;0;511;(0,2),0,4096;rpos:(0,7),4096,32;wpos:(0,7),4128,32;;
334    STSYM  0      0      f0112000 1258   charcode:S(0,15)=ar(0,14);0;3;(0,16)=*(0,2)
335    STSYM  0      0      f0110000 1302   ctlmap:S(0,17)=ar(0,14);0;255;(0,2)
336    STSYM  0      0      f0110100 1338   shiftmap:S(0,17)
337    STSYM  0      0      f0110200 1355   normalmap:S(0,17)
338    STSYM  0      0      f0101bc0 1373   togglecode:S(0,17)
339    STSYM  0      0      f0101cc0 1392   shiftcode:S(0,17)
340    LCSYM  0      0      f01122a8 1410   crt_pos:S(0,10)
341    LCSYM  0      0      f01122ac 1426   crt_buf:S(0,18)=*(0,10)
342    LCSYM  0      0      f01122b0 1450   addr_6845:S(0,8)
343    LCSYM  0      0      f01122b4 1467   serial_exists:S(0,19)=(0,20)=eFalse:0,True:1,;
344    LSYM   0      0      00000000 1514   bool:t(0,19)
345    LSYM   0      0      00000000 1527   _Bool:t(0,20)
346    SO     0      0      f0100759 0      
347    SO     0      2      f0100761 1541   kern/monitor.c
348    OPT    0      0      00000000 49     gcc2_compiled.
349    FUN    0      0      f0100761 1556   mon_help:F(0,1)=r(0,1);-2147483648;2147483647;
350    LSYM   0      0      00000000 590    int:t(0,1)
351    PSYM   0      0      00000008 1603   argc:p(0,1)
352    PSYM   0      0      0000000c 1615   argv:p(0,2)=*(0,3)=*(0,4)=r(0,4);0;127;
353    PSYM   0      0      00000010 1655   tf:p(0,5)=*(0,6)=xsTrapframe:
354    LSYM   0      0      00000000 467    char:t(0,4)
355    SLINE  0      33     00000000 0      
356    SLINE  0      37     00000010 0      
357    SLINE  0      39     00000044 0      
358    FUN    0      0      f01007b1 1685   mon_kerninfo:F(0,1)
359    LSYM   0      0      00000000 1705   unsigned int:t(0,7)=r(0,7);0;4294967295;
360    LSYM   0      0      00000000 1746   uint32_t:t(0,8)=(0,7)
361    PSYM   0      0      00000008 1603   argc:p(0,1)
362    PSYM   0      0      0000000c 1768   argv:p(0,2)
363    PSYM   0      0      00000010 1780   tf:p(0,5)
364    SLINE  0      43     00000000 0      
365    SLINE  0      46     00000014 0      
366    SLINE  0      47     00000020 0      
367    SLINE  0      48     00000035 0      
368    SLINE  0      49     00000052 0      
369    SLINE  0      50     0000006f 0      
370    SLINE  0      51     0000008c 0      
371    SLINE  0      52     000000a9 0      
372    SLINE  0      53     000000ac 0      
373    SLINE  0      52     000000b4 0      
374    SLINE  0      55     000000c4 0      
375    FUN    0      0      f0100882 1790   mon_backtrace:F(0,1)
376    PSYM   0      0      00000008 1603   argc:p(0,1)
377    PSYM   0      0      0000000c 1768   argv:p(0,2)
378    PSYM   0      0      00000010 1780   tf:p(0,5)
379    SLINE  0      59     00000000 0      
380    SOL    0      0      f0100896 601    ./inc/x86.h
381    SLINE  0      214    00000014 0      
382    SOL    0      0      f0100898 1541   kern/monitor.c
383    SLINE  0      62     00000016 0      
384    SLINE  0      68     00000018 0      
385    SLINE  0      64     00000021 0      
386    SLINE  0      68     00000023 0      
387    SLINE  0      68     00000026 0      
388    SLINE  0      67     00000037 0      
389    SLINE  0      69     0000003f 0      
390    SLINE  0      64     00000053 0      
391    SLINE  0      64     00000055 0      
392    SLINE  0      65     00000059 0      
393    SLINE  0      66     0000006b 0      
394    SLINE  0      66     00000070 0      
395    SLINE  0      67     00000082 0      
396    SLINE  0      71     00000087 0      
397    SLINE  0      74     000000a6 0      
398    RSYM   0      0      00000007 1811   next_ebp:r(0,9)=*(0,8)
399    LBRAC  0      0      00000000 0      
400    RBRAC  0      0      000000b3 0      
401    FUN    0      0      f0100935 1834   monitor:F(0,10)=(0,10)
402    LSYM   0      0      00000000 1857   void:t(0,10)
403    PSYM   0      0      00000008 1780   tf:p(0,5)
404    SLINE  0      124    00000000 0      
405    SLINE  0      127    00000014 0      
406    SLINE  0      128    00000020 0      
407    SLINE  0      95     00000031 0      
408    SLINE  0      95     00000046 0      
409    SLINE  0      96     0000004d 0      
410    SLINE  0      96     00000050 0      
411    SLINE  0      97     00000055 0      
412    SLINE  0      101    0000005a 0      
413    SLINE  0      105    00000060 0      
414    SLINE  0      105    00000069 0      
415    SLINE  0      106    0000006d 0      
416    SLINE  0      102    0000006f 0      
417    SLINE  0      103    00000080 0      
418    SLINE  0      132    00000083 0      
419    SLINE  0      133    00000099 0      
420    SLINE  0      92     000000a0 0      
421    SLINE  0      91     000000a7 0      
422    SLINE  0      107    000000b0 0      
423    SLINE  0      106    000000b3 0      
424    SLINE  0      106    000000b6 0      
425    SLINE  0      106    000000ba 0      
426    SLINE  0      106    000000c7 0      
427    SLINE  0      95     000000ce 0      
428    SLINE  0      95     000000d1 0      
429    SLINE  0      109    000000d9 0      
430    SLINE  0      112    000000e4 0      
431    SLINE  0      115    000000e8 0      
432    SLINE  0      115    000000fa 0      
433    SLINE  0      115    00000101 0      
434    SLINE  0      115    00000113 0      
435    SLINE  0      118    0000011a 0      
436    SLINE  0      119    0000012c 0      
437    SLINE  0      114    00000134 0      
438    SLINE  0      116    00000139 0      
439    SLINE  0      116    0000013c 0      
440    SLINE  0      116    0000013f 0      
441    SLINE  0      134    00000150 0      
442    SLINE  0      137    0000015b 0      
443    RSYM   0      0      00000006 1870   buf:r(0,3)
444    LBRAC  0      0      00000000 0      
445    LSYM   0      0      ffffffb8 1881   argv:(0,11)=ar(0,12)=r(0,12);0;4294967295;;0;15;(0,3)
446    RSYM   0      0      00000000 874    i:r(0,1)
447    LBRAC  0      0      00000031 0      
448    RBRAC  0      0      00000083 0      
449    LSYM   0      0      ffffffb8 1935   argv:(0,11)
450    RSYM   0      0      00000000 874    i:r(0,1)
451    LBRAC  0      0      000000a0 0      
452    RBRAC  0      0      00000150 0      
453    RBRAC  0      0      00000163 0      
454    STSYM  0      0      f0112010 1947   commands:S(0,13)=ar(0,12);0;1;(0,14)=xsCommand:
455    LSYM   0      0      00000000 1995   Command:T(0,14)=s12name:(0,15)=*(0,4),0,32;desc:(0,15),32,32;func:(0,16)=*(0,17)=f(0,1),64,32;;
456    SO     0      0      f0100a98 0      
457    SO     0      2      f0100a98 2091   kern/printf.c
458    OPT    0      0      00000000 49     gcc2_compiled.
459    FUN    0      0      f0100a98 2105   putch:f(0,1)=(0,1)
460    LSYM   0      0      00000000 308    void:t(0,1)
461    PSYM   0      0      00000008 2124   ch:p(0,2)=r(0,2);-2147483648;2147483647;
462    PSYM   0      0      0000000c 2165   cnt:p(0,3)=*(0,2)
463    LSYM   0      0      00000000 360    int:t(0,2)
464    SLINE  0      11     00000000 0      
465    SLINE  0      12     00000012 0      
466    SLINE  0      14     0000001a 0      
467    FUN    0      0      f0100aba 2183   vcprintf:F(0,2)
468    PSYM   0      0      00000008 2199   fmt:p(0,4)=*(0,5)=r(0,5);0;127;
469    PSYM   0      0      0000000c 2231   ap:p(0,6)=(0,7)=*(0,5)
470    LSYM   0      0      00000000 2254   char:t(0,5)
471    LSYM   0      0      00000000 2266   va_list:t(0,6)
472    SLINE  0      18     00000000 0      
473    SLINE  0      19     00000012 0      
474    SLINE  0      21     00000019 0      
475    SLINE  0      23     0000002f 0      
476    LSYM   0      0      fffffff4 2281   cnt:(0,2)
477    LBRAC  0      0      00000000 0      
478    RBRAC  0      0      00000037 0      
479    FUN    0      0      f0100af1 2291   cprintf:F(0,2)
480    PSYM   0      0      00000008 2306   fmt:p(0,4)
481    SLINE  0      27     00000000 0      
482    SLINE  0      31     00000006 0      
483    SLINE  0      32     00000009 0      
484    SLINE  0      36     00000012 0      
485    RSYM   0      0      00000000 2317   cnt:r(0,2)
486    LBRAC  0      0      00000000 0      
487    RBRAC  0      0      00000014 0      
488    SO     0      0      f0100b05 0      
489    SO     0      2      f0100b05 2328   kern/kdebug.c
490    OPT    0      0      00000000 49     gcc2_compiled.
491    FUN    0      0      f0100b05 2342   stab_binsearch:f(0,1)=(0,1)
492    LSYM   0      0      00000000 308    void:t(0,1)
493    RSYM   0      0      00000000 2370   stabs:P(0,2)=*(0,3)=xsStab:
494    RSYM   0      0      00000002 2398   region_left:P(0,4)=*(0,5)=r(0,5);-2147483648;2147483647;
495    RSYM   0      0      00000001 2455   region_right:P(0,4)
496    PSYM   0      0      00000008 2475   type:p(0,5)
497    PSYM   0      0      0000000c 2487   addr:p(0,6)=(0,7)=(0,8)=r(0,8);0;4294967295;
498    LSYM   0      0      00000000 2532   Stab:T(0,3)=s12n_strx:(0,7),0,32;n_type:(0,9)=(0,10)=r(0,10);0;255;,32,8;n_other:(0,9),40,8;n_desc:(0,11)=(0,12)=r(0,12);0;65535;,48,16;n_value:(0,6),64,32;;
499    LSYM   0      0      00000000 2690   int:t(0,5)
500    LSYM   0      0      00000000 2701   uintptr_t:t(0,6)
501    LSYM   0      0      00000000 812    uint32_t:t(0,7)
502    LSYM   0      0      00000000 828    unsigned int:t(0,8)
503    LSYM   0      0      00000000 2718   uint8_t:t(0,9)
504    LSYM   0      0      00000000 2733   unsigned char:t(0,10)
505    LSYM   0      0      00000000 2755   uint16_t:t(0,11)
506    LSYM   0      0      00000000 2772   short unsigned int:t(0,12)
507    SLINE  0      53     00000000 0      
508    SLINE  0      54     00000015 0      
509    SLINE  0      54     00000017 0      
510    SLINE  0      54     0000001c 0      
511    SLINE  0      56     00000023 0      
512    SLINE  0      61     00000025 0      
513    SLINE  0      60     00000028 0      
514    SLINE  0      60     0000002c 0      
515    SLINE  0      60     0000002f 0      
516    SLINE  0      69     00000036 0      
517    SLINE  0      69     00000040 0      
518    SLINE  0      70     00000045 0      
519    SLINE  0      71     0000004a 0      
520    SLINE  0      68     0000004d 0      
521    SLINE  0      56     00000054 0      
522    SLINE  0      57     00000059 0      
523    SLINE  0      57     0000005f 0      
524    SLINE  0      57     00000076 0      
525    SLINE  0      60     00000078 0      
526    SLINE  0      63     0000007a 0      
527    SLINE  0      64     0000007d 0      
528    SLINE  0      72     0000007f 0      
529    SLINE  0      73     00000084 0      
530    SLINE  0      73     0000008a 0      
531    SLINE  0      68     0000008f 0      
532    SLINE  0      78     00000098 0      
533    SLINE  0      80     0000009d 0      
534    SLINE  0      68     000000a3 0      
535    SLINE  0      84     000000ac 0      
536    SLINE  0      85     000000b2 0      
537    SLINE  0      85     000000ba 0      
538    SLINE  0      94     000000bf 0      
539    SLINE  0      88     000000c7 0      
540    SLINE  0      89     000000cc 0      
541    SLINE  0      88     000000db 0      
542    SLINE  0      89     000000df 0      
543    SLINE  0      89     000000e2 0      
544    SLINE  0      90     000000e9 0      
545    SLINE  0      92     000000ee 0      
546    SLINE  0      94     000000f3 0      
547    RSYM   0      0      00000006 2799   type:r(0,5)
548    RSYM   0      0      00000000 2811   m:r(0,5)
549    LBRAC  0      0      00000025 0      
550    RBRAC  0      0      00000054 0      
551    RSYM   0      0      00000000 2811   m:r(0,5)
552    LBRAC  0      0      00000059 0      
553    RBRAC  0      0      000000ac 0      
554    FUN    0      0      f0100bfa 2820   debuginfo_eip:F(0,5)
555    PSYM   0      0      00000008 2841   addr:p(0,6)
556    PSYM   0      0      0000000c 2853   info:p(0,13)=*(0,14)=xsEipdebuginfo:
557    LSYM   0      0      00000000 2890   Eipdebuginfo:T(0,14)=s24eip_file:(0,15)=*(0,16)=r(0,16);0;127;,0,32;eip_line:(0,5),32,32;eip_fn_name:(0,15),64,32;eip_fn_namelen:(0,5),96,32;eip_fn_addr:(0,6),128,32;eip_fn_narg:(0,5),160,32;;
558    LSYM   0      0      00000000 3083   char:t(0,16)
559    SLINE  0      106    00000000 0      
560    SLINE  0      112    0000001d 0      
561    SLINE  0      113    00000025 0      
562    SLINE  0      114    0000002c 0      
563    SLINE  0      115    0000002f 0      
564    SLINE  0      116    00000036 0      
565    SLINE  0      117    00000039 0      
566    SLINE  0      120    00000040 0      
567    SLINE  0      131    0000004c 0      
568    SLINE  0      131    0000005e 0      
569    SLINE  0      131    00000067 0      
570    SLINE  0      140    00000071 0      
571    SLINE  0      141    00000078 0      
572    SLINE  0      141    0000008f 0      
573    SLINE  0      142    00000095 0      
574    SLINE  0      143    000000a6 0      
575    SLINE  0      143    000000a9 0      
576    SLINE  0      148    000000b4 0      
577    SLINE  0      149    000000b7 0      
578    SLINE  0      150    000000bd 0      
579    SLINE  0      152    000000d7 0      
580    SLINE  0      152    000000da 0      
581    SLINE  0      155    000000e2 0      
582    SLINE  0      155    000000f1 0      
583    SLINE  0      155    000000f3 0      
584    SLINE  0      155    000000ff 0      
585    SLINE  0      156    00000103 0      
586    SLINE  0      157    0000010c 0      
587    SLINE  0      157    0000010f 0      
588    SLINE  0      170    00000112 0      
589    SLINE  0      170    00000122 0      
590    SLINE  0      170    00000125 0      
591    SLINE  0      189    00000128 0      
592    SLINE  0      189    0000013b 0      
593    SLINE  0      127    00000140 0      
594    SLINE  0      165    0000015b 0      
595    SLINE  0      166    0000015e 0      
596    SLINE  0      192    00000163 0      
597    SLINE  0      189    00000169 0      
598    SLINE  0      190    0000016d 0      
599    SLINE  0      190    00000170 0      
600    SLINE  0      191    00000175 0      
601    SLINE  0      191    0000017a 0      
602    SLINE  0      193    00000180 0      
603    SLINE  0      193    0000018f 0      
604    SLINE  0      193    0000019b 0      
605    SLINE  0      194    0000019f 0      
606    SLINE  0      199    000001a7 0      
607    SLINE  0      205    000001ad 0      
608    SLINE  0      199    000001b2 0      
609    SLINE  0      200    000001b6 0      
610    SLINE  0      200    000001c9 0      
611    SLINE  0      203    000001cb 0      
612    SLINE  0      202    000001cf 0      
613    SLINE  0      200    000001d2 0      
614    SLINE  0      201    000001d6 0      
615    SLINE  0      205    000001df 0      
616    SLINE  0      132    000001e6 0      
617    SLINE  0      144    000001f4 0      
618    SLINE  0      205    000001fb 0      
619    SLINE  0      206    00000200 0      
620    LSYM   0      0      fffffff4 3096   lfile:(0,5)
621    LSYM   0      0      fffffff0 3108   rfile:(0,5)
622    LSYM   0      0      ffffffec 3120   lfun:(0,5)
623    LSYM   0      0      ffffffe8 3131   rfun:(0,5)
624    RSYM   0      0      00000003 3142   addr:r(0,6)
625    RSYM   0      0      00000007 3154   info:r(0,13)
626    LBRAC  0      0      00000000 0      
627    RBRAC  0      0      0000020a 0      
628    SO     0      0      f0100e04 0      
629    SO     0      2      f0100e08 3167   lib/printfmt.c
630    OPT    0      0      00000000 49     gcc2_compiled.
631    FUN    0      0      f0100e08 3182   printnum:f(0,1)=(0,1)
632    LSYM   0      0      00000000 308    void:t(0,1)
633    RSYM   0      0      00000007 3204   putch:P(0,2)=*(0,3)=f(0,1)
634    RSYM   0      0      00000006 3231   putdat:P(0,4)=*(0,1)
635    PSYM   0      0      00000008 3252   num:p(0,5)=r(0,5);0;-1;
636    PSYM   0      0      00000010 3276   base:p(0,6)=r(0,6);0;4294967295;
637    PSYM   0      0      00000014 3309   width:p(0,7)=r(0,7);-2147483648;2147483647;
638    PSYM   0      0      00000018 3353   padc:p(0,7)
639    LSYM   0      0      00000000 3365   long long unsigned int:t(0,5)
640    LSYM   0      0      00000000 3395   unsigned int:t(0,6)
641    LSYM   0      0      00000000 3415   int:t(0,7)
642    SLINE  0      38     00000000 0      
643    SLINE  0      40     00000031 0      
644    SLINE  0      40     0000003b 0      
645    SLINE  0      41     00000042 0      
646    SLINE  0      45     00000077 0      
647    SLINE  0      44     00000083 0      
648    SLINE  0      49     0000008a 0      
649    SLINE  0      49     0000008e 0      
650    SLINE  0      49     000000a8 0      
651    SLINE  0      50     000000b3 0      
652    RSYM   0      0      00000000 3426   base:r(0,6)
653    RSYM   0      0      00000003 3438   width:r(0,7)
654    FUN    0      0      f0100ec6 3451   sprintputch:f(0,1)
655    PSYM   0      0      00000008 3470   ch:p(0,7)
656    PSYM   0      0      0000000c 3480   b:p(0,8)=*(0,9)=xssprintbuf:
657    LSYM   0      0      00000000 3509   sprintbuf:T(0,9)=s12buf:(0,10)=*(0,11)=r(0,11);0;127;,0,32;ebuf:(0,10),32,32;cnt:(0,7),64,32;;
658    LSYM   0      0      00000000 3604   char:t(0,11)
659    SLINE  0      263    00000000 0      
660    SLINE  0      264    00000006 0      
661    SLINE  0      265    0000000a 0      
662    SLINE  0      265    0000000c 0      
663    SLINE  0      266    00000011 0      
664    SLINE  0      266    00000016 0      
665    SLINE  0      267    0000001b 0      
666    RSYM   0      0      00000000 3617   ch:r(0,7)
667    RSYM   0      0      00000000 3627   b:r(0,8)
668    FUN    0      0      f0100ee3 3636   printfmt:F(0,1)
669    PSYM   0      0      00000008 3652   putch:p(0,2)
670    PSYM   0      0      0000000c 3665   putdat:p(0,4)
671    PSYM   0      0      00000010 3679   fmt:p(0,12)=*(0,11)
672    SLINE  0      247    00000000 0      
673    SLINE  0      250    00000006 0      
674    SLINE  0      251    00000009 0      
675    SLINE  0      253    00000018 0      
676    FUN    0      0      f0100f00 3699   vprintfmt:F(0,1)
677    LSYM   0      0      00000000 3716   long long int:t(0,13)=r(0,13);-9223372036854775808;9223372036854775807;
678    LSYM   0      0      00000000 3788   unsigned char:t(0,14)=r(0,14);0;255;
679    LSYM   0      0      00000000 3825   uintptr_t:t(0,15)=(0,16)=(0,6)
680    LSYM   0      0      00000000 3856    :T(0,17)=eE_UNSPECIFIED:1,E_BAD_ENV:2,E_INVAL:3,E_NO_MEM:4,E_NO_FREE_ENV:5,E_FAULT:6,MAXERROR:7,;
681    LSYM   0      0      00000000 3955   uint32_t:t(0,16)
682    PSYM   0      0      00000008 3652   putch:p(0,2)
683    PSYM   0      0      0000000c 3665   putdat:p(0,4)
684    PSYM   0      0      00000010 3972   fmt:p(0,12)
685    PSYM   0      0      00000014 3984   ap:p(0,18)=(0,10)
686    LSYM   0      0      00000000 4002   va_list:t(0,18)
687    SLINE  0      84     00000000 0      
688    SLINE  0      168    0000001f 0      
689    SLINE  0      95     0000002a 0      
690    SLINE  0      92     00000034 0      
691    SLINE  0      92     00000037 0      
692    SLINE  0      92     0000003b 0      
693    SLINE  0      93     00000040 0      
694    SLINE  0      243    00000044 0      
695    SLINE  0      99     0000004c 0      
696    SLINE  0      103    00000050 0      
697    SLINE  0      101    00000057 0      
698    SLINE  0      100    0000005e 0      
699    SLINE  0      102    00000065 0      
700    SLINE  0      105    00000070 0      
701    SLINE  0      105    00000076 0      
702    SLINE  0      105    00000095 0      
703    SLINE  0      109    00000098 0      
704    SLINE  0      105    0000009e 0      
705    SLINE  0      105    000000a7 0      
706    SLINE  0      105    000000aa 0      
707    SLINE  0      127    000000ad 0      
708    SLINE  0      128    000000b5 0      
709    SLINE  0      128    000000b8 0      
710    SLINE  0      129    000000bc 0      
711    SLINE  0      130    000000bf 0      
712    SLINE  0      130    000000c2 0      
713    SLINE  0      127    000000c7 0      
714    SLINE  0      128    000000ca 0      
715    SLINE  0      136    000000cc 0      
716    SLINE  0      105    000000dd 0      
717    SLINE  0      149    000000e0 0      
718    SLINE  0      150    000000e6 0      
719    SLINE  0      150    000000ec 0      
720    SLINE  0      105    00000108 0      
721    SLINE  0      142    0000010b 0      
722    SLINE  0      105    00000110 0      
723    SLINE  0      145    00000113 0      
724    SLINE  0      146    0000011a 0      
725    SLINE  0      155    00000127 0      
726    SLINE  0      105    0000012b 0      
727    SLINE  0      156    0000012e 0      
728    SLINE  0      160    00000133 0      
729    SLINE  0      161    00000144 0      
730    SLINE  0      160    00000147 0      
731    SLINE  0      161    0000014a 0      
732    SLINE  0      165    0000014f 0      
733    SLINE  0      168    0000015f 0      
734    SLINE  0      168    00000164 0      
735    SLINE  0      168    0000016a 0      
736    SLINE  0      171    0000016e 0      
737    SLINE  0      165    00000183 0      
738    SLINE  0      169    0000018b 0      
739    SLINE  0      165    000001a0 0      
740    SLINE  0      169    000001a3 0      
741    SLINE  0      176    000001a8 0      
742    SLINE  0      177    000001b9 0      
743    SLINE  0      178    000001ca 0      
744    SLINE  0      179    000001d6 0      
745    SLINE  0      179    000001e3 0      
746    SLINE  0      179    000001f4 0      
747    SLINE  0      179    000001fc 0      
748    SLINE  0      179    000001ff 0      
749    SLINE  0      180    00000201 0      
750    SLINE  0      179    00000208 0      
751    SLINE  0      180    0000020a 0      
752    SLINE  0      179    00000213 0      
753    SLINE  0      179    00000219 0      
754    SLINE  0      185    00000231 0      
755    SLINE  0      181    00000240 0      
756    SLINE  0      181    00000243 0      
757    SLINE  0      181    00000247 0      
758    SLINE  0      181    0000024a 0      
759    SLINE  0      181    0000024e 0      
760    SLINE  0      181    00000254 0      
761    SLINE  0      182    0000025a 0      
762    SLINE  0      182    00000260 0      
763    SLINE  0      182    00000266 0      
764    SLINE  0      183    0000026b 0      
765    SLINE  0      187    0000027c 0      
766    SLINE  0      186    00000284 0      
767    SLINE  0      186    0000028a 0      
768    SLINE  0      176    0000028e 0      
769    SLINE  0      70     0000029d 0      
770    SLINE  0      72     000002a8 0      
771    SLINE  0      73     000002ac 0      
772    SLINE  0      71     000002c3 0      
773    SLINE  0      193    000002da 0      
774    SLINE  0      197    000002e0 0      
775    SLINE  0      193    000002e5 0      
776    SLINE  0      194    000002ed 0      
777    SLINE  0      195    000002f5 0      
778    SLINE  0      195    00000302 0      
779    SLINE  0      197    00000305 0      
780    SLINE  0      75     0000030f 0      
781    SLINE  0      57     00000326 0      
782    SLINE  0      59     00000331 0      
783    SLINE  0      60     00000335 0      
784    SLINE  0      203    00000345 0      
785    SLINE  0      60     0000034a 0      
786    SLINE  0      58     0000034f 0      
787    SLINE  0      203    0000035d 0      
788    SLINE  0      58     00000362 0      
789    SLINE  0      62     00000367 0      
790    SLINE  0      203    00000377 0      
791    SLINE  0      62     0000037c 0      
792    SLINE  0      57     0000037e 0      
793    SLINE  0      59     00000389 0      
794    SLINE  0      60     0000038d 0      
795    SLINE  0      210    0000039d 0      
796    SLINE  0      60     000003a2 0      
797    SLINE  0      58     000003a4 0      
798    SLINE  0      210    000003b2 0      
799    SLINE  0      58     000003b7 0      
800    SLINE  0      62     000003b9 0      
801    SLINE  0      210    000003c9 0      
802    SLINE  0      62     000003ce 0      
803    SLINE  0      215    000003d0 0      
804    SLINE  0      216    000003db 0      
805    SLINE  0      217    000003e3 0      
806    SLINE  0      220    000003ed 0      
807    SLINE  0      218    000003f0 0      
808    SLINE  0      219    000003f6 0      
809    SLINE  0      227    000003fb 0      
810    SLINE  0      228    00000412 0      
811    SLINE  0      176    00000415 0      
812    SLINE  0      92     00000418 0      
813    SLINE  0      57     0000041d 0      
814    SLINE  0      59     00000428 0      
815    SLINE  0      60     0000042c 0      
816    SLINE  0      225    0000043c 0      
817    SLINE  0      60     00000441 0      
818    SLINE  0      58     00000443 0      
819    SLINE  0      225    00000451 0      
820    SLINE  0      58     00000456 0      
821    SLINE  0      62     00000458 0      
822    SLINE  0      225    00000468 0      
823    SLINE  0      62     0000046d 0      
824    SLINE  0      232    0000046f 0      
825    SLINE  0      233    0000047a 0      
826    SLINE  0      237    0000047f 0      
827    SLINE  0      238    0000048a 0      
828    SLINE  0      238    0000048f 0      
829    SLINE  0      238    00000495 0      
830    RSYM   0      0      00000002 4018   num:r(0,5)
831    RSYM   0      0      00000000 4029   base:r(0,7)
832    RSYM   0      0      00000001 4041   lflag:r(0,7)
833    RSYM   0      0      00000006 4054   putch:r(0,2)
834    RSYM   0      0      00000007 4067   putdat:r(0,4)
835    RSYM   0      0      00000003 4081   fmt:r(0,12)
836    LBRAC  0      0      00000000 0      
837    RBRAC  0      0      000004a2 0      
838    FUN    0      0      f01013a2 4093   vsnprintf:F(0,7)
839    PSYM   0      0      00000008 4110   buf:p(0,10)
840    PSYM   0      0      0000000c 4122   n:p(0,7)
841    PSYM   0      0      00000010 3972   fmt:p(0,12)
842    PSYM   0      0      00000014 4131   ap:p(0,18)
843    SLINE  0      271    00000000 0      
844    SLINE  0      272    00000018 0      
845    SLINE  0      272    0000001b 0      
846    SLINE  0      272    00000022 0      
847    SLINE  0      274    00000029 0      
848    SLINE  0      278    00000031 0      
849    SLINE  0      281    00000047 0      
850    SLINE  0      281    0000004a 0      
851    SLINE  0      283    0000004d 0      
852    SLINE  0      284    00000053 0      
853    SLINE  0      275    00000058 0      
854    LSYM   0      0      ffffffec 4142   b:(0,9)
855    RSYM   0      0      00000000 4150   buf:r(0,10)
856    RSYM   0      0      00000002 4162   n:r(0,7)
857    LBRAC  0      0      00000000 0      
858    RBRAC  0      0      0000005f 0      
859    FUN    0      0      f0101401 4171   snprintf:F(0,7)
860    PSYM   0      0      00000008 4110   buf:p(0,10)
861    PSYM   0      0      0000000c 4122   n:p(0,7)
862    PSYM   0      0      00000010 3972   fmt:p(0,12)
863    SLINE  0      288    00000000 0      
864    SLINE  0      292    00000006 0      
865    SLINE  0      293    00000009 0      
866    SLINE  0      297    00000018 0      
867    RSYM   0      0      00000000 4187   rc:r(0,7)
868    LBRAC  0      0      00000000 0      
869    RBRAC  0      0      0000001a 0      
870    STSYM  0      0      f0112028 4197   error_string:S(0,19)=ar(0,20)=r(0,20);0;4294967295;;0;6;(0,12)
871    SO     0      0      f010141b 0      
872    SO     0      2      f010141b 4260   lib/readline.c
873    OPT    0      0      00000000 49     gcc2_compiled.
874    FUN    0      0      f010141b 4275   readline:F(0,1)=*(0,2)=r(0,2);0;127;
875    LSYM   0      0      00000000 4312   void:t(0,3)=(0,3)
876    LSYM   0      0      00000000 4330   char:t(0,2)
877    PSYM   0      0      00000008 4342   prompt:p(0,4)=*(0,2)
878    SLINE  0      9      00000000 0      
879    SLINE  0      12     00000017 0      
880    SLINE  0      13     0000001b 0      
881    SLINE  0      16     0000002e 0      
882    SLINE  0      15     0000003e 0      
883    SLINE  0      29     00000043 0      
884    SLINE  0      20     0000004e 0      
885    SLINE  0      21     0000005e 0      
886    SLINE  0      37     00000066 0      
887    SLINE  0      23     0000006e 0      
888    SLINE  0      25     00000074 0      
889    SLINE  0      24     00000079 0      
890    SLINE  0      29     00000088 0      
891    SLINE  0      29     00000090 0      
892    SLINE  0      18     00000093 0      
893    SLINE  0      19     0000009a 0      
894    SLINE  0      22     0000009e 0      
895    SLINE  0      22     000000a4 0      
896    SLINE  0      22     000000aa 0      
897    SLINE  0      26     000000b2 0      
898    SLINE  0      27     000000bf 0      
899    SLINE  0      28     000000c5 0      
900    SLINE  0      30     000000d3 0      
901    SLINE  0      31     000000dd 0      
902    SLINE  0      33     000000e3 0      
903    SLINE  0      34     000000eb 0      
904    SLINE  0      32     000000f6 0      
905    RSYM   0      0      00000006 4363   c:r(0,5)=r(0,5);-2147483648;2147483647;
906    LSYM   0      0      00000000 2690   int:t(0,5)
907    RSYM   0      0      00000000 4403   prompt:r(0,4)
908    LBRAC  0      0      00000000 0      
909    RBRAC  0      0      00000105 0      
910    LCSYM  0      0      f01122c0 4417   buf:S(0,6)=ar(0,7)=r(0,7);0;4294967295;;0;1023;(0,2)
911    SO     0      0      f0101520 0      
912    SO     0      2      f0101520 4470   lib/string.c
913    OPT    0      0      00000000 49     gcc2_compiled.
914    FUN    0      0      f0101520 4483   strlen:F(0,1)=r(0,1);-2147483648;2147483647;
915    LSYM   0      0      00000000 590    int:t(0,1)
916    PSYM   0      0      00000008 4528   s:p(0,2)=*(0,3)=r(0,3);0;127;
917    LSYM   0      0      00000000 4558   char:t(0,3)
918    SLINE  0      13     00000000 0      
919    SLINE  0      16     00000006 0      
920    SLINE  0      16     0000000b 0      
921    SLINE  0      17     0000000d 0      
922    SLINE  0      16     00000010 0      
923    SLINE  0      19     00000016 0      
924    RSYM   0      0      00000000 4570   n:r(0,1)
925    RSYM   0      0      00000002 4579   s:r(0,2)
926    LBRAC  0      0      00000000 0      
927    RBRAC  0      0      00000018 0      
928    FUN    0      0      f0101538 4588   strnlen:F(0,1)
929    PSYM   0      0      00000008 4603   s:p(0,2)
930    PSYM   0      0      0000000c 4612   size:p(0,4)=(0,5)=(0,6)=r(0,6);0;4294967295;
931    LSYM   0      0      00000000 4657   size_t:t(0,4)
932    LSYM   0      0      00000000 4671   uint32_t:t(0,5)
933    LSYM   0      0      00000000 3395   unsigned int:t(0,6)
934    SLINE  0      23     00000000 0      
935    SLINE  0      26     00000009 0      
936    SLINE  0      26     0000000e 0      
937    SLINE  0      27     00000010 0      
938    SLINE  0      26     00000013 0      
939    SLINE  0      26     00000017 0      
940    SLINE  0      29     0000001f 0      
941    RSYM   0      0      00000001 4579   s:r(0,2)
942    FUN    0      0      f010155b 4687   strcpy:F(0,7)=*(0,3)
943    PSYM   0      0      00000008 4708   dst:p(0,7)
944    PSYM   0      0      0000000c 4719   src:p(0,2)
945    SLINE  0      33     00000000 0      
946    SLINE  0      37     0000000a 0      
947    SLINE  0      37     0000000f 0      
948    SLINE  0      37     00000013 0      
949    SLINE  0      37     00000016 0      
950    SLINE  0      40     0000001d 0      
951    RSYM   0      0      00000001 4730   dst:r(0,7)
952    RSYM   0      0      00000003 4741   src:r(0,2)
953    FUN    0      0      f010157f 4752   strcat:F(0,7)
954    PSYM   0      0      00000008 4708   dst:p(0,7)
955    PSYM   0      0      0000000c 4719   src:p(0,2)
956    SLINE  0      44     00000000 0      
957    SLINE  0      45     0000000a 0      
958    SLINE  0      46     00000013 0      
959    SLINE  0      48     0000001e 0      
960    RSYM   0      0      00000003 4730   dst:r(0,7)
961    FUN    0      0      f01015a4 4766   strncpy:F(0,7)
962    PSYM   0      0      00000008 4708   dst:p(0,7)
963    PSYM   0      0      0000000c 4719   src:p(0,2)
964    PSYM   0      0      00000010 4781   size:p(0,4)
965    SLINE  0      51     00000000 0      
966    SLINE  0      56     00000010 0      
967    SLINE  0      57     00000014 0      
968    SLINE  0      57     00000017 0      
969    SLINE  0      57     0000001a 0      
970    SLINE  0      60     0000001d 0      
971    SLINE  0      56     00000023 0      
972    SLINE  0      63     00000027 0      
973    RSYM   0      0      00000006 4730   dst:r(0,7)
974    RSYM   0      0      00000002 4741   src:r(0,2)
975    FUN    0      0      f01015d1 4793   strlcpy:F(0,4)
976    PSYM   0      0      00000008 4708   dst:p(0,7)
977    PSYM   0      0      0000000c 4719   src:p(0,2)
978    PSYM   0      0      00000010 4781   size:p(0,4)
979    SLINE  0      67     00000000 0      
980    SLINE  0      71     00000010 0      
981    SLINE  0      73     0000001c 0      
982    SLINE  0      73     0000001f 0      
983    SLINE  0      73     00000022 0      
984    SLINE  0      72     00000025 0      
985    SLINE  0      72     00000029 0      
986    SLINE  0      72     0000002c 0      
987    SLINE  0      74     00000032 0      
988    SLINE  0      76     00000035 0      
989    SLINE  0      77     00000039 0      
990    RSYM   0      0      00000006 4730   dst:r(0,7)
991    RSYM   0      0      00000002 4741   src:r(0,2)
992    RSYM   0      0      00000000 4808   size:r(0,4)
993    FUN    0      0      f010160e 4820   strcmp:F(0,1)
994    LSYM   0      0      00000000 4834   unsigned char:t(0,8)=r(0,8);0;255;
995    PSYM   0      0      00000008 4869   p:p(0,2)
996    PSYM   0      0      0000000c 4878   q:p(0,2)
997    SLINE  0      81     00000000 0      
998    SLINE  0      82     00000009 0      
999    SLINE  0      83     0000000b 0      
1000   SLINE  0      83     0000000e 0      
1001   SLINE  0      82     00000011 0      
1002   SLINE  0      82     00000014 0      
1003   SLINE  0      82     00000018 0      
1004   SLINE  0      84     0000001c 0      
1005   SLINE  0      84     0000001f 0      
1006   SLINE  0      84     00000022 0      
1007   SLINE  0      85     00000024 0      
1008   RSYM   0      0      00000001 4887   p:r(0,2)
1009   RSYM   0      0      00000002 4896   q:r(0,2)
1010   FUN    0      0      f0101634 4905   strncmp:F(0,1)
1011   PSYM   0      0      00000008 4869   p:p(0,2)
1012   PSYM   0      0      0000000c 4878   q:p(0,2)
1013   PSYM   0      0      00000010 4920   n:p(0,4)
1014   SLINE  0      89     00000000 0      
1015   SLINE  0      90     0000000f 0      
1016   SLINE  0      91     00000011 0      
1017   SLINE  0      91     00000014 0      
1018   SLINE  0      90     00000017 0      
1019   SLINE  0      90     0000001b 0      
1020   SLINE  0      90     0000001e 0      
1021   SLINE  0      90     00000022 0      
1022   SLINE  0      95     00000026 0      
1023   SLINE  0      95     00000029 0      
1024   SLINE  0      95     0000002c 0      
1025   SLINE  0      96     0000002e 0      
1026   SLINE  0      93     00000033 0      
1027   RSYM   0      0      00000000 4887   p:r(0,2)
1028   RSYM   0      0      00000002 4896   q:r(0,2)
1029   FUN    0      0      f010166e 4929   strchr:F(0,7)
1030   PSYM   0      0      00000008 4603   s:p(0,2)
1031   PSYM   0      0      0000000c 1076   c:p(0,1)
1032   SLINE  0      102    00000000 0      
1033   SLINE  0      103    0000000a 0      
1034   SLINE  0      103    0000000c 0      
1035   SLINE  0      103    0000000f 0      
1036   SLINE  0      103    00000012 0      
1037   SLINE  0      104    00000016 0      
1038   SLINE  0      106    0000001c 0      
1039   SLINE  0      107    00000021 0      
1040   RSYM   0      0      00000000 4579   s:r(0,2)
1041   RSYM   0      0      00000001 4943   c:r(0,3)
1042   FUN    0      0      f0101691 4952   strfind:F(0,7)
1043   PSYM   0      0      00000008 4603   s:p(0,2)
1044   PSYM   0      0      0000000c 1076   c:p(0,1)
1045   SLINE  0      113    00000000 0      
1046   SLINE  0      114    0000000a 0      
1047   SLINE  0      115    0000000d 0      
1048   SLINE  0      114    00000015 0      
1049   SLINE  0      118    0000001a 0      
1050   RSYM   0      0      00000000 4579   s:r(0,2)
1051   RSYM   0      0      00000001 4943   c:r(0,3)
1052   FUN    0      0      f01016ad 4967   memset:F(0,9)=*(0,10)=(0,10)
1053   LSYM   0      0      00000000 1857   void:t(0,10)
1054   PSYM   0      0      00000008 4996   v:p(0,9)
1055   PSYM   0      0      0000000c 1076   c:p(0,1)
1056   PSYM   0      0      00000010 4920   n:p(0,4)
1057   SLINE  0      123    00000000 0      
1058   SLINE  0      126    0000000c 0      
1059   SLINE  0      128    00000010 0      
1060   SLINE  0      129    00000018 0      
1061   SLINE  0      130    0000001c 0      
1062   SLINE  0      130    00000021 0      
1063   SLINE  0      130    00000026 0      
1064   SLINE  0      130    0000002b 0      
1065   SLINE  0      130    0000002f 0      
1066   SLINE  0      132    00000031 0      
1067   SLINE  0      131    00000034 0      
1068   SLINE  0      135    0000003b 0      
1069   SLINE  0      139    00000041 0      
1070   RSYM   0      0      00000007 5005   v:r(0,9)
1071   RSYM   0      0      00000001 5014   n:r(0,4)
1072   FUN    0      0      f01016f5 5023   memmove:F(0,9)
1073   PSYM   0      0      00000008 5038   dst:p(0,9)
1074   PSYM   0      0      0000000c 5049   src:p(0,11)=*(0,10)
1075   PSYM   0      0      00000010 4920   n:p(0,4)
1076   SLINE  0      143    00000000 0      
1077   SLINE  0      149    0000000e 0      
1078   SLINE  0      149    00000012 0      
1079   SLINE  0      149    00000015 0      
1080   SLINE  0      151    00000019 0      
1081   SLINE  0      152    0000001c 0      
1082   SLINE  0      154    0000002a 0      
1083   SLINE  0      154    0000002d 0      
1084   SLINE  0      154    00000030 0      
1085   SLINE  0      153    00000033 0      
1086   SLINE  0      157    00000038 0      
1087   SLINE  0      157    0000003b 0      
1088   SLINE  0      156    0000003e 0      
1089   SLINE  0      159    00000041 0      
1090   SLINE  0      161    00000044 0      
1091   SLINE  0      163    0000004f 0      
1092   SLINE  0      162    00000052 0      
1093   SLINE  0      165    00000059 0      
1094   SLINE  0      169    0000005e 0      
1095   RSYM   0      0      00000007 5069   d:r(0,7)
1096   RSYM   0      0      00000000 5078   dst:r(0,9)
1097   RSYM   0      0      00000006 5089   src:r(0,11)
1098   RSYM   0      0      00000001 5014   n:r(0,4)
1099   LBRAC  0      0      00000000 0      
1100   RBRAC  0      0      00000062 0      
1101   FUN    0      0      f0101757 5101   memcpy:F(0,9)
1102   PSYM   0      0      00000008 5038   dst:p(0,9)
1103   PSYM   0      0      0000000c 5115   src:p(0,11)
1104   PSYM   0      0      00000010 4920   n:p(0,4)
1105   SLINE  0      210    00000000 0      
1106   SLINE  0      211    00000006 0      
1107   SLINE  0      212    00000014 0      
1108   FUN    0      0      f010176d 5127   memcmp:F(0,1)
1109   LSYM   0      0      00000000 5141   uint8_t:t(0,12)=(0,8)
1110   PSYM   0      0      00000008 5163   v1:p(0,11)
1111   PSYM   0      0      0000000c 5174   v2:p(0,11)
1112   PSYM   0      0      00000010 4920   n:p(0,4)
1113   SLINE  0      216    00000000 0      
1114   SLINE  0      220    00000010 0      
1115   SLINE  0      223    00000012 0      
1116   SLINE  0      223    00000015 0      
1117   SLINE  0      220    00000018 0      
1118   SLINE  0      221    0000001c 0      
1119   SLINE  0      221    0000001f 0      
1120   SLINE  0      221    00000022 0      
1121   SLINE  0      222    00000026 0      
1122   SLINE  0      222    00000029 0      
1123   SLINE  0      222    0000002c 0      
1124   SLINE  0      226    00000030 0      
1125   SLINE  0      227    00000035 0      
1126   RSYM   0      0      00000000 5185   s1:r(0,13)=*(0,12)
1127   RSYM   0      0      00000002 5204   s2:r(0,13)
1128   RSYM   0      0      00000000 5215   v1:r(0,11)
1129   RSYM   0      0      00000002 5226   v2:r(0,11)
1130   LBRAC  0      0      00000000 0      
1131   RBRAC  0      0      00000039 0      
1132   FUN    0      0      f01017a6 5237   memfind:F(0,9)
1133   PSYM   0      0      00000008 5252   s:p(0,11)
1134   PSYM   0      0      0000000c 1076   c:p(0,1)
1135   PSYM   0      0      00000010 4920   n:p(0,4)
1136   SLINE  0      231    00000000 0      
1137   SLINE  0      232    00000009 0      
1138   SLINE  0      233    0000000e 0      
1139   SLINE  0      233    00000010 0      
1140   SLINE  0      233    00000013 0      
1141   SLINE  0      234    00000017 0      
1142   SLINE  0      237    0000001b 0      
1143   RSYM   0      0      00000002 5262   ends:r(0,11)
1144   RSYM   0      0      00000000 5275   s:r(0,11)
1145   RSYM   0      0      00000001 730    c:r(0,1)
1146   LBRAC  0      0      00000000 0      
1147   RBRAC  0      0      0000001d 0      
1148   FUN    0      0      f01017c3 5285   strtol:F(0,14)=r(0,14);-2147483648;2147483647;
1149   LSYM   0      0      00000000 5332   long int:t(0,14)
1150   PSYM   0      0      00000008 4603   s:p(0,2)
1151   PSYM   0      0      0000000c 5349   endptr:p(0,15)=*(0,7)
1152   PSYM   0      0      00000010 5371   base:p(0,1)
1153   SLINE  0      241    00000000 0      
1154   SLINE  0      246    0000000c 0      
1155   SLINE  0      247    0000000e 0      
1156   SLINE  0      246    00000011 0      
1157   SLINE  0      246    00000014 0      
1158   SLINE  0      250    0000001c 0      
1159   SLINE  0      242    00000020 0      
1160   SLINE  0      252    00000025 0      
1161   SLINE  0      256    00000029 0      
1162   SLINE  0      256    00000031 0      
1163   SLINE  0      261    00000036 0      
1164   SLINE  0      251    0000004a 0      
1165   SLINE  0      242    0000004d 0      
1166   SLINE  0      253    00000054 0      
1167   SLINE  0      253    00000057 0      
1168   SLINE  0      256    0000005e 0      
1169   SLINE  0      258    00000064 0      
1170   SLINE  0      259    00000068 0      
1171   SLINE  0      259    0000006b 0      
1172   SLINE  0      259    00000070 0      
1173   SLINE  0      257    00000072 0      
1174   SLINE  0      257    00000075 0      
1175   SLINE  0      257    0000007a 0      
1176   SLINE  0      268    0000007c 0      
1177   SLINE  0      268    0000007f 0      
1178   SLINE  0      275    00000082 0      
1179   SLINE  0      277    00000087 0      
1180   SLINE  0      277    0000008a 0      
1181   SLINE  0      277    0000008e 0      
1182   SLINE  0      267    00000090 0      
1183   SLINE  0      267    00000093 0      
1184   SLINE  0      267    00000096 0      
1185   SLINE  0      269    0000009d 0      
1186   SLINE  0      269    000000a0 0      
1187   SLINE  0      270    000000a7 0      
1188   SLINE  0      270    000000aa 0      
1189   SLINE  0      271    000000af 0      
1190   SLINE  0      271    000000b2 0      
1191   SLINE  0      272    000000b9 0      
1192   SLINE  0      272    000000bc 0      
1193   SLINE  0      281    000000c1 0      
1194   SLINE  0      282    000000c7 0      
1195   SLINE  0      283    000000cc 0      
1196   SLINE  0      284    000000d5 0      
1197   RSYM   0      0      00000007 5383   neg:r(0,1)
1198   RSYM   0      0      00000001 5394   val:r(0,14)
1199   RSYM   0      0      00000002 4579   s:r(0,2)
1200   RSYM   0      0      00000003 5406   base:r(0,1)
1201   LBRAC  0      0      00000000 0      
1202   RSYM   0      0      00000000 5418   dig:r(0,1)
1203   LBRAC  0      0      0000007c 0      
1204   RBRAC  0      0      000000c1 0      
1205   RBRAC  0      0      000000dc 0      
1206   SO     0      0      f010189f 0      

